<html>
<body>
<pre>
<h1>µVision Build Log</h1>
<h2>Project:</h2>
C:\Users\Administrator\Desktop\³ÌÐò_Ñî¼á\bsp\stm32f40x\project.uvproj
Project File Date:  01/25/2015

<h2>Output:</h2>
Build target 'rt-thread_stm32f4xx'
compiling Swedish.c...
linking...
Program Size: Code=225574 RO-data=395218 RW-data=25108 ZI-data=69020  
After Build - User command #1: fromelf --bin .\build\rtthread-stm32f4xx.axf --output rtthread.bin
".\build\rtthread-stm32f4xx.axf" - 0 Error(s), 0 Warning(s).
</pre>
</body>
</html>
cture;
Thread\t_keyboard.c(16): warning:  #177-D: variable "TIM_OCInitStructure" was declared but never referenced
        TIM_OCInitTypeDef  TIM_OCInitStructure;
Thread\t_keyboard.c: 2 warnings, 0 errors
compiling t_emergency.c...
compiling t_handle.c...
Thread\t_handle.c(59): warning:  #550-D: variable "Speed_M" was set but never used
        int16_t Speed_M = 500;
Thread\t_handle.c: 1 warning, 0 errors
compiling t_FATfs.c...
Thread\t_FATfs.c(133): warning:  #223-D: function "sd_res" declared implicitly
                SD_RES(res);
Thread\t_FATfs.c(148): warning:  #223-D: function "sd_res" declared implicitly
      SD_RES(res);
Thread\t_FATfs.c(200): warning:  #223-D: function "sd_res" declared implicitly
      SD_RES(res);
Thread\t_FATfs.c: 3 warnings, 0 errors
compiling Y_handle.c...
Y_handle.c(50): warning:  #550-D: variable "Speed_M" was set but never used
        int16_t Speed_M = 500;
Y_handle.c: 1 warning, 0 errors
compiling t_timer.c...
Thread\t_timer.c(19): warning:  #177-D: variable "M_Struct" was declared but never referenced
  }M_Struct={0,0};
Thread\t_timer.c: 1 warning, 0 errors
compiling t_realspe.c...
Thread\t_realspe.c(45): warning:  #223-D: function "sqrt" declared implicitly
                        speed[n][0]=sqrt(pow((yiqi[n-1][0]-yiqi[n][0]),2))/0.005;
Thread\t_realspe.c(45): warning:  #223-D: function "pow" declared implicitly
                        speed[n][0]=sqrt(pow((yiqi[n-1][0]-yiqi[n][0]),2))/0.005;
Thread\t_realspe.c(50): warning:  #223-D: function "sqrt" declared implicitly
                        speed[n][0]=sqrt(pow((yiqi[4][0]-yiqi[n][0]),2))/0.005;
Thread\t_realspe.c(50): warning:  #223-D: function "pow" declared implicitly
                        speed[n][0]=sqrt(pow((yiqi[4][0]-yiqi[n][0]),2))/0.005;
Thread\t_realspe.c(59): warning:  #223-D: function "sqrt" declared implicitly
                        realspe=sqrt(pow(realspe_x,2)+pow(realspe_y,2));
Thread\t_realspe.c(59): warning:  #223-D: function "pow" declared implicitly
                        realspe=sqrt(pow(realspe_x,2)+pow(realspe_y,2));
Thread\t_realspe.c(65): warning:  #223-D: function "sqrt" declared implicitly
                        realspe=sqrt(pow(realspe_x,2)+pow(realspe_y,2));
Thread\t_realspe.c(65): warning:  #223-D: function "pow" declared implicitly
                        realspe=sqrt(pow(realspe_x,2)+pow(realspe_y,2));
Thread\t_realspe.c(71): warning:  #223-D: function "sqrt" declared implicitly
                        realspe=sqrt(pow(realspe_x,2)+pow(realspe_y,2));
Thread\t_realspe.c(71): warning:  #223-D: function "pow" declared implicitly
                        realspe=sqrt(pow(realspe_x,2)+pow(realspe_y,2));
Thread\t_realspe.c(77): warning:  #223-D: function "sqrt" declared implicitly
                        realspe=sqrt(pow(realspe_x,2)+pow(realspe_y,2));
Thread\t_realspe.c(77): warning:  #223-D: function "pow" declared implicitly
                        realspe=sqrt(pow(realspe_x,2)+pow(realspe_y,2));
Thread\t_realspe.c(83): warning:  #223-D: function "sqrt" declared implicitly
                        realspe=sqrt(pow(realspe_x,2)+pow(realspe_y,2));
Thread\t_realspe.c(83): warning:  #223-D: function "pow" declared implicitly
                        realspe=sqrt(pow(realspe_x,2)+pow(realspe_y,2));
Thread\t_realspe.c: 14 warnings, 0 errors
compiling m_func.c...
compiling m_list.c...
compiling m_sys.c...
compiling m_test.c...
compiling m_route.c...
compiling m_cock.c...
compiling lcd_keyboard.c...
compiling mecanum.c...
compiling gyro.c...
compiling encoder.c...
compiling gps.c...
compiling relay.c...
compiling motor.c...
compiling camera.c...
UserDevices\camera.c(1050): warning:  #550-D: variable "error_x" was set but never used
        s16 error_x,error_y;
UserDevices\camera.c: 1 warning, 0 errors
compiling laser.c...
compiling lightboard.c...
compiling sonic.c...
compiling Swedish.c...
compiling easyline.c...
compiling goline.c...
compiling gocircle.c...
compiling keep.c...
Route\keep.c(605): warning:  #177-D: variable "flag" was declared but never referenced
        static u8 flag;
Route\keep.c: 1 warning, 0 errors
compiling pointpath.c...
compiling PointRoute.c...
compiling t_auto.c...
compiling t_arm.c...
compiling goroute.c...
compiling armaction.c...
Auto\armaction.c(358): warning:  #223-D: function "mt_line" declared implicitly
        mt_line(W_MOTOR3_OLD_ID,Motor_Pos[2],Motor3_Aim_Pos[1],0,0.3,100,100,50);
Auto\armaction.c: 1 warning, 0 errors
compiling t_catching.c...
Auto\t_catching.c(94): warning:  #177-D: variable "dim" was declared but never referenced
        double dim[3] = {13,37,44};//  0 vertical 1 horizon 2 incline
Auto\t_catching.c: 1 warning, 0 errors
compiling mymath.c...
compiling mystring.c...
compiling pid.c...
compiling databack.c...
compiling board.c...
drivers\board.c(141): warning:  #223-D: function "tim_init" declared implicitly
      tim_init();                 //added by fxh_bool 2014-5-5
drivers\board.c: 1 warning, 0 errors
compiling serial.c...
compiling usart.c...
compiling dma.c...
compiling dma_rx_isr.c...
compiling stm32f4xx_it.c...
drivers\stm32f4xx_it.c(274): warning:  #223-D: function "short2double" declared implicitly
                short2double(USART_ReceiveData(USART3));
drivers\stm32f4xx_it.c(54): warning:  #177-D: variable "i" was declared but never referenced
  static unsigned char i = 0;   
drivers\stm32f4xx_it.c(55): warning:  #177-D: variable "buffer" was declared but never referenced
  static char buffer[10]={'\0'};
drivers\stm32f4xx_it.c(56): warning:  #177-D: variable "receive" was declared but never referenced
  static int  receive = 0;
drivers\stm32f4xx_it.c: 4 warnings, 0 errors
compiling stm324xg_eval_sdio_sd.c...
drivers\stm324xg_eval_sdio_sd.c(261): warning:  #47-D: incompatible redefinition of macro "NULL" (declared at line 6 of "drivers\can_database.h")
  #define NULL 0
drivers\stm324xg_eval_sdio_sd.c: 1 warning, 0 errors
compiling io.c...
compiling pwm.c...
compiling can.c...
compiling can_database.c...
compiling Command.c...
compiling fan.c...
drivers\fan.c(291): warning:  #177-D: variable "j" was declared but never referenced
        unsigned char i,j;
drivers\fan.c(292): warning:  #177-D: variable "lastpwm" was declared but never referenced
  static double lastpwm[4]={20,20,20,20};
drivers\fan.c: 2 warnings, 0 errors
compiling sd_serve.c...
compiling sd_save.c...
compiling tim.c...
drivers\tim.c(25): warning:  #188-D: enumerated type mixed with another type
        {0,0,0,0,0},
drivers\tim.c(26): warning:  #188-D: enumerated type mixed with another type
        {0,0,0,0,0},
drivers\tim.c(29): warning:  #188-D: enumerated type mixed with another type
        {0,0,0,0,0},
drivers\tim.c(35): warning:  #188-D: enumerated type mixed with another type
        {0,0,0,0,0}
drivers\tim.c: 4 warnings, 0 errors
compiling mouse.c...
drivers\mouse.c(14): warning:  #177-D: variable "BYTE4" was declared but never referenced
                char BYTE1,BYTE2,BYTE3,BYTE4;
drivers\mouse.c: 1 warning, 0 errors
compiling can_send.c...
compiling fxh_misc.c...
fxh_bool\fxh_misc.c(402): warning:  #223-D: function "sd_res" declared implicitly
      SD_RES(res);
fxh_bool\fxh_misc.c: 1 warning, 0 errors
compiling laser1.c...
compiling lightboard1.c...
fxh_bool\lightboard1.c(122): warning:  #223-D: function "sd_res" declared implicitly
      SD_RES(res);
fxh_bool\lightboard1.c: 1 warning, 0 errors
compiling pid1.c...
compiling sonic1.c...
compiling t_test.c...
compiling hook.c...
fxh_bool\hook.c(25): warning:  #175-D: subscript out of range
      tims[nsch].prio1 = from->init_priority;
fxh_bool\hook.c(26): warning:  #175-D: subscript out of range
      tims[nsch].prio2 =   to->init_priority;
fxh_bool\hook.c(27): warning:  #175-D: subscript out of range
      tims[nsch].us    = get_tim(TTIME);
fxh_bool\hook.c: 3 warnings, 0 errors
compiling system_stm32f4xx.c...
assembling startup_stm32f4xx.s...
compiling misc.c...
compiling stm32f4xx_adc.c...
compiling stm32f4xx_can.c...
compiling stm32f4xx_crc.c...
compiling stm32f4xx_cryp.c...
compiling stm32f4xx_cryp_aes.c...
compiling stm32f4xx_cryp_des.c...
compiling stm32f4xx_cryp_tdes.c...
compiling stm32f4xx_dac.c...
compiling stm32f4xx_dbgmcu.c...
compiling stm32f4xx_dcmi.c...
compiling stm32f4xx_dma.c...
compiling stm32f4xx_exti.c...
compiling stm32f4xx_flash.c...
compiling stm32f4xx_fsmc.c...
compiling stm32f4xx_gpio.c...
compiling stm32f4xx_hash.c...
compiling stm32f4xx_hash_md5.c...
compiling stm32f4xx_hash_sha1.c...
compiling stm32f4xx_i2c.c...
compiling stm32f4xx_iwdg.c...
compiling stm32f4xx_pwr.c...
compiling stm32f4xx_rcc.c...
compiling stm32f4xx_rng.c...
compiling stm32f4xx_rtc.c...
compiling stm32f4xx_sdio.c...
compiling stm32f4xx_spi.c...
compiling stm32f4xx_syscfg.c...
compiling stm32f4xx_tim.c...
compiling stm32f4xx_usart.c...
compiling stm32f4xx_wwdg.c...
compiling clock.c...
compiling device.c...
compiling idle.c...
compiling ipc.c...
compiling irq.c...
compiling kservice.c...
compiling mem.c...
compiling memheap.c...
compiling mempool.c...
compiling module.c...
compiling object.c...
compiling scheduler.c...
compiling slab.c...
compiling thread.c...
compiling timer.c...
compiling cpuport.c...
assembling context_rvds.S...
compiling backtrace.c...
compiling div0.c...
compiling showmem.c...
compiling diskio.c...
compiling ff.c...
compiling cc936.c...
compiling speed_test.c...
zx_speed\speed_test.c(310): warning:  #223-D: function "Com_Puts" declared implicitly
        Com_Puts(4,str);
zx_speed\speed_test.c(330): warning:  #1-D: last line of file ends without a newline
  // 
zx_speed\speed_test.c(17): warning:  #177-D: variable "delay_time" was declared but never referenced
  static int delay_time;
zx_speed\speed_test.c: 3 warnings, 0 errors
linking...
Program Size: Code=224870 RO-data=395218 RW-data=25108 ZI-data=69020  
After Build - User command #1: fromelf --bin .\build\rtthread-stm32f4xx.axf --output rtthread.bin
".\build\rtthread-stm32f4xx.axf" - 0 Error(s), 47 Warning(s).
peed\speed_test.c(126): error:  #20: identifier "realspe_x" is undefined
           SD_Printf_MQ(&t_spe,"%f           %f\r\n",realspe_x,realspe_y);
zx_speed\speed_test.c(126): error:  #20: identifier "realspe_y" is undefined
           SD_Printf_MQ(&t_spe,"%f           %f\r\n",realspe_x,realspe_y);
zx_speed\speed_test.c(234): error:  #20: identifier "realspe" is undefined
          LCD_WriteDouble(realspe);
zx_speed\speed_test.c(310): warning:  #223-D: function "Com_Puts" declared implicitly
        Com_Puts(4,str);
zx_speed\speed_test.c(330): warning:  #1-D: last line of file ends without a newline
  // 
zx_speed\speed_test.c(17): warning:  #177-D: variable "delay_time" was declared but never referenced
  static int delay_time;
zx_speed\speed_test.c: 3 warnings, 7 errors
".\build\rtthread-stm32f4xx.axf" - 7 Error(s), 47 Warning(s).
Target not created
